2025-04-23 16:47:15,930 [Worker-7: Loading available Gradle versions] INFO  o.e.b.c.i.u.g.PublishedGradleVersions - Gradle version information cache is not available. Remote download required.
2025-04-23 16:51:18,352 [Worker-0: Launching mavenrun-5deca0de-db5c-4e66-b1ff-eee764852cc5] INFO  o.eclipse.m2e.core.internal.Bundles - getClasspathEntries(Bundle=org.eclipse.m2e.maven.runtime_3.9.900.20240824-1409 [364])
2025-04-23 16:51:18,358 [Worker-0: Launching mavenrun-5deca0de-db5c-4e66-b1ff-eee764852cc5] INFO  o.eclipse.m2e.core.internal.Bundles - 	Entry: C:\Program Files\Spring Tool Suite\sts-4.27.0.RELEASE\plugins\org.eclipse.m2e.maven.runtime_3.9.900.20240824-1409
2025-04-23 16:51:18,359 [Worker-0: Launching mavenrun-5deca0de-db5c-4e66-b1ff-eee764852cc5] INFO  o.eclipse.m2e.core.internal.Bundles - 	Entry: C:\Program Files\Spring Tool Suite\sts-4.27.0.RELEASE\plugins\org.eclipse.m2e.maven.runtime_3.9.900.20240824-1409\jars\aopalliance-1.0.jar
2025-04-23 16:51:18,359 [Worker-0: Launching mavenrun-5deca0de-db5c-4e66-b1ff-eee764852cc5] INFO  o.eclipse.m2e.core.internal.Bundles - 	Entry: C:\Program Files\Spring Tool Suite\sts-4.27.0.RELEASE\plugins\org.eclipse.m2e.maven.runtime_3.9.900.20240824-1409\jars\guice-5.1.0.jar
2025-04-23 16:51:18,360 [Worker-0: Launching mavenrun-5deca0de-db5c-4e66-b1ff-eee764852cc5] INFO  o.eclipse.m2e.core.internal.Bundles - 	Entry: C:\Program Files\Spring Tool Suite\sts-4.27.0.RELEASE\plugins\org.eclipse.m2e.maven.runtime_3.9.900.20240824-1409\jars\httpclient-4.5.14.jar
2025-04-23 16:51:18,360 [Worker-0: Launching mavenrun-5deca0de-db5c-4e66-b1ff-eee764852cc5] INFO  o.eclipse.m2e.core.internal.Bundles - 	Entry: C:\Program Files\Spring Tool Suite\sts-4.27.0.RELEASE\plugins\org.eclipse.m2e.maven.runtime_3.9.900.20240824-1409\jars\httpcore-4.4.16.jar
2025-04-23 16:51:18,360 [Worker-0: Launching mavenrun-5deca0de-db5c-4e66-b1ff-eee764852cc5] INFO  o.eclipse.m2e.core.internal.Bundles - 	Entry: C:\Program Files\Spring Tool Suite\sts-4.27.0.RELEASE\plugins\org.eclipse.m2e.maven.runtime_3.9.900.20240824-1409\jars\jansi-2.4.1.jar
2025-04-23 16:51:18,361 [Worker-0: Launching mavenrun-5deca0de-db5c-4e66-b1ff-eee764852cc5] INFO  o.eclipse.m2e.core.internal.Bundles - 	Entry: C:\Program Files\Spring Tool Suite\sts-4.27.0.RELEASE\plugins\org.eclipse.m2e.maven.runtime_3.9.900.20240824-1409\jars\jcl-over-slf4j-1.7.36.jar
2025-04-23 16:51:18,361 [Worker-0: Launching mavenrun-5deca0de-db5c-4e66-b1ff-eee764852cc5] INFO  o.eclipse.m2e.core.internal.Bundles - 	Entry: C:\Program Files\Spring Tool Suite\sts-4.27.0.RELEASE\plugins\org.eclipse.m2e.maven.runtime_3.9.900.20240824-1409\jars\maven-artifact-3.9.9.jar
2025-04-23 16:51:18,361 [Worker-0: Launching mavenrun-5deca0de-db5c-4e66-b1ff-eee764852cc5] INFO  o.eclipse.m2e.core.internal.Bundles - 	Entry: C:\Program Files\Spring Tool Suite\sts-4.27.0.RELEASE\plugins\org.eclipse.m2e.maven.runtime_3.9.900.20240824-1409\jars\maven-builder-support-3.9.9.jar
2025-04-23 16:51:18,361 [Worker-0: Launching mavenrun-5deca0de-db5c-4e66-b1ff-eee764852cc5] INFO  o.eclipse.m2e.core.internal.Bundles - 	Entry: C:\Program Files\Spring Tool Suite\sts-4.27.0.RELEASE\plugins\org.eclipse.m2e.maven.runtime_3.9.900.20240824-1409\jars\maven-compat-3.9.9.jar
2025-04-23 16:51:18,361 [Worker-0: Launching mavenrun-5deca0de-db5c-4e66-b1ff-eee764852cc5] INFO  o.eclipse.m2e.core.internal.Bundles - 	Entry: C:\Program Files\Spring Tool Suite\sts-4.27.0.RELEASE\plugins\org.eclipse.m2e.maven.runtime_3.9.900.20240824-1409\jars\maven-core-3.9.9.jar
2025-04-23 16:51:18,362 [Worker-0: Launching mavenrun-5deca0de-db5c-4e66-b1ff-eee764852cc5] INFO  o.eclipse.m2e.core.internal.Bundles - 	Entry: C:\Program Files\Spring Tool Suite\sts-4.27.0.RELEASE\plugins\org.eclipse.m2e.maven.runtime_3.9.900.20240824-1409\jars\maven-embedder-3.9.9.jar
2025-04-23 16:51:18,362 [Worker-0: Launching mavenrun-5deca0de-db5c-4e66-b1ff-eee764852cc5] INFO  o.eclipse.m2e.core.internal.Bundles - 	Entry: C:\Program Files\Spring Tool Suite\sts-4.27.0.RELEASE\plugins\org.eclipse.m2e.maven.runtime_3.9.900.20240824-1409\jars\maven-model-3.9.9.jar
2025-04-23 16:51:18,362 [Worker-0: Launching mavenrun-5deca0de-db5c-4e66-b1ff-eee764852cc5] INFO  o.eclipse.m2e.core.internal.Bundles - 	Entry: C:\Program Files\Spring Tool Suite\sts-4.27.0.RELEASE\plugins\org.eclipse.m2e.maven.runtime_3.9.900.20240824-1409\jars\maven-model-builder-3.9.9.jar
2025-04-23 16:51:18,362 [Worker-0: Launching mavenrun-5deca0de-db5c-4e66-b1ff-eee764852cc5] INFO  o.eclipse.m2e.core.internal.Bundles - 	Entry: C:\Program Files\Spring Tool Suite\sts-4.27.0.RELEASE\plugins\org.eclipse.m2e.maven.runtime_3.9.900.20240824-1409\jars\maven-plugin-api-3.9.9.jar
2025-04-23 16:51:18,362 [Worker-0: Launching mavenrun-5deca0de-db5c-4e66-b1ff-eee764852cc5] INFO  o.eclipse.m2e.core.internal.Bundles - 	Entry: C:\Program Files\Spring Tool Suite\sts-4.27.0.RELEASE\plugins\org.eclipse.m2e.maven.runtime_3.9.900.20240824-1409\jars\maven-repository-metadata-3.9.9.jar
2025-04-23 16:51:18,363 [Worker-0: Launching mavenrun-5deca0de-db5c-4e66-b1ff-eee764852cc5] INFO  o.eclipse.m2e.core.internal.Bundles - 	Entry: C:\Program Files\Spring Tool Suite\sts-4.27.0.RELEASE\plugins\org.eclipse.m2e.maven.runtime_3.9.900.20240824-1409\jars\maven-resolver-api-1.9.22.jar
2025-04-23 16:51:18,363 [Worker-0: Launching mavenrun-5deca0de-db5c-4e66-b1ff-eee764852cc5] INFO  o.eclipse.m2e.core.internal.Bundles - 	Entry: C:\Program Files\Spring Tool Suite\sts-4.27.0.RELEASE\plugins\org.eclipse.m2e.maven.runtime_3.9.900.20240824-1409\jars\maven-resolver-connector-basic-1.9.22.jar
2025-04-23 16:51:18,363 [Worker-0: Launching mavenrun-5deca0de-db5c-4e66-b1ff-eee764852cc5] INFO  o.eclipse.m2e.core.internal.Bundles - 	Entry: C:\Program Files\Spring Tool Suite\sts-4.27.0.RELEASE\plugins\org.eclipse.m2e.maven.runtime_3.9.900.20240824-1409\jars\maven-resolver-impl-1.9.22.jar
2025-04-23 16:51:18,363 [Worker-0: Launching mavenrun-5deca0de-db5c-4e66-b1ff-eee764852cc5] INFO  o.eclipse.m2e.core.internal.Bundles - 	Entry: C:\Program Files\Spring Tool Suite\sts-4.27.0.RELEASE\plugins\org.eclipse.m2e.maven.runtime_3.9.900.20240824-1409\jars\maven-resolver-named-locks-1.9.22.jar
2025-04-23 16:51:18,363 [Worker-0: Launching mavenrun-5deca0de-db5c-4e66-b1ff-eee764852cc5] INFO  o.eclipse.m2e.core.internal.Bundles - 	Entry: C:\Program Files\Spring Tool Suite\sts-4.27.0.RELEASE\plugins\org.eclipse.m2e.maven.runtime_3.9.900.20240824-1409\jars\maven-resolver-provider-3.9.9.jar
2025-04-23 16:51:18,363 [Worker-0: Launching mavenrun-5deca0de-db5c-4e66-b1ff-eee764852cc5] INFO  o.eclipse.m2e.core.internal.Bundles - 	Entry: C:\Program Files\Spring Tool Suite\sts-4.27.0.RELEASE\plugins\org.eclipse.m2e.maven.runtime_3.9.900.20240824-1409\jars\maven-resolver-spi-1.9.22.jar
2025-04-23 16:51:18,363 [Worker-0: Launching mavenrun-5deca0de-db5c-4e66-b1ff-eee764852cc5] INFO  o.eclipse.m2e.core.internal.Bundles - 	Entry: C:\Program Files\Spring Tool Suite\sts-4.27.0.RELEASE\plugins\org.eclipse.m2e.maven.runtime_3.9.900.20240824-1409\jars\maven-resolver-transport-file-1.9.22.jar
2025-04-23 16:51:18,363 [Worker-0: Launching mavenrun-5deca0de-db5c-4e66-b1ff-eee764852cc5] INFO  o.eclipse.m2e.core.internal.Bundles - 	Entry: C:\Program Files\Spring Tool Suite\sts-4.27.0.RELEASE\plugins\org.eclipse.m2e.maven.runtime_3.9.900.20240824-1409\jars\maven-resolver-transport-http-1.9.22.jar
2025-04-23 16:51:18,364 [Worker-0: Launching mavenrun-5deca0de-db5c-4e66-b1ff-eee764852cc5] INFO  o.eclipse.m2e.core.internal.Bundles - 	Entry: C:\Program Files\Spring Tool Suite\sts-4.27.0.RELEASE\plugins\org.eclipse.m2e.maven.runtime_3.9.900.20240824-1409\jars\maven-resolver-transport-wagon-1.9.22.jar
2025-04-23 16:51:18,364 [Worker-0: Launching mavenrun-5deca0de-db5c-4e66-b1ff-eee764852cc5] INFO  o.eclipse.m2e.core.internal.Bundles - 	Entry: C:\Program Files\Spring Tool Suite\sts-4.27.0.RELEASE\plugins\org.eclipse.m2e.maven.runtime_3.9.900.20240824-1409\jars\maven-resolver-util-1.9.22.jar
2025-04-23 16:51:18,364 [Worker-0: Launching mavenrun-5deca0de-db5c-4e66-b1ff-eee764852cc5] INFO  o.eclipse.m2e.core.internal.Bundles - 	Entry: C:\Program Files\Spring Tool Suite\sts-4.27.0.RELEASE\plugins\org.eclipse.m2e.maven.runtime_3.9.900.20240824-1409\jars\maven-settings-3.9.9.jar
2025-04-23 16:51:18,364 [Worker-0: Launching mavenrun-5deca0de-db5c-4e66-b1ff-eee764852cc5] INFO  o.eclipse.m2e.core.internal.Bundles - 	Entry: C:\Program Files\Spring Tool Suite\sts-4.27.0.RELEASE\plugins\org.eclipse.m2e.maven.runtime_3.9.900.20240824-1409\jars\maven-settings-builder-3.9.9.jar
2025-04-23 16:51:18,364 [Worker-0: Launching mavenrun-5deca0de-db5c-4e66-b1ff-eee764852cc5] INFO  o.eclipse.m2e.core.internal.Bundles - 	Entry: C:\Program Files\Spring Tool Suite\sts-4.27.0.RELEASE\plugins\org.eclipse.m2e.maven.runtime_3.9.900.20240824-1409\jars\maven-shared-utils-3.4.2.jar
2025-04-23 16:51:18,364 [Worker-0: Launching mavenrun-5deca0de-db5c-4e66-b1ff-eee764852cc5] INFO  o.eclipse.m2e.core.internal.Bundles - 	Entry: C:\Program Files\Spring Tool Suite\sts-4.27.0.RELEASE\plugins\org.eclipse.m2e.maven.runtime_3.9.900.20240824-1409\jars\org.eclipse.sisu.inject-0.9.0.M3.jar
2025-04-23 16:51:18,365 [Worker-0: Launching mavenrun-5deca0de-db5c-4e66-b1ff-eee764852cc5] INFO  o.eclipse.m2e.core.internal.Bundles - 	Entry: C:\Program Files\Spring Tool Suite\sts-4.27.0.RELEASE\plugins\org.eclipse.m2e.maven.runtime_3.9.900.20240824-1409\jars\org.eclipse.sisu.plexus-0.9.0.M3.jar
2025-04-23 16:51:18,365 [Worker-0: Launching mavenrun-5deca0de-db5c-4e66-b1ff-eee764852cc5] INFO  o.eclipse.m2e.core.internal.Bundles - 	Entry: C:\Program Files\Spring Tool Suite\sts-4.27.0.RELEASE\plugins\org.eclipse.m2e.maven.runtime_3.9.900.20240824-1409\jars\plexus-build-api-0.0.7.jar
2025-04-23 16:51:18,365 [Worker-0: Launching mavenrun-5deca0de-db5c-4e66-b1ff-eee764852cc5] INFO  o.eclipse.m2e.core.internal.Bundles - 	Entry: C:\Program Files\Spring Tool Suite\sts-4.27.0.RELEASE\plugins\org.eclipse.m2e.maven.runtime_3.9.900.20240824-1409\jars\plexus-build-api-1.2.0.jar
2025-04-23 16:51:18,366 [Worker-0: Launching mavenrun-5deca0de-db5c-4e66-b1ff-eee764852cc5] INFO  o.eclipse.m2e.core.internal.Bundles - 	Entry: C:\Program Files\Spring Tool Suite\sts-4.27.0.RELEASE\plugins\org.eclipse.m2e.maven.runtime_3.9.900.20240824-1409\jars\plexus-cipher-2.0.jar
2025-04-23 16:51:18,366 [Worker-0: Launching mavenrun-5deca0de-db5c-4e66-b1ff-eee764852cc5] INFO  o.eclipse.m2e.core.internal.Bundles - 	Entry: C:\Program Files\Spring Tool Suite\sts-4.27.0.RELEASE\plugins\org.eclipse.m2e.maven.runtime_3.9.900.20240824-1409\jars\plexus-classworlds-2.8.0.jar
2025-04-23 16:51:18,366 [Worker-0: Launching mavenrun-5deca0de-db5c-4e66-b1ff-eee764852cc5] INFO  o.eclipse.m2e.core.internal.Bundles - 	Entry: C:\Program Files\Spring Tool Suite\sts-4.27.0.RELEASE\plugins\org.eclipse.m2e.maven.runtime_3.9.900.20240824-1409\jars\plexus-component-annotations-2.1.0.jar
2025-04-23 16:51:18,366 [Worker-0: Launching mavenrun-5deca0de-db5c-4e66-b1ff-eee764852cc5] INFO  o.eclipse.m2e.core.internal.Bundles - 	Entry: C:\Program Files\Spring Tool Suite\sts-4.27.0.RELEASE\plugins\org.eclipse.m2e.maven.runtime_3.9.900.20240824-1409\jars\plexus-interpolation-1.27.jar
2025-04-23 16:51:18,366 [Worker-0: Launching mavenrun-5deca0de-db5c-4e66-b1ff-eee764852cc5] INFO  o.eclipse.m2e.core.internal.Bundles - 	Entry: C:\Program Files\Spring Tool Suite\sts-4.27.0.RELEASE\plugins\org.eclipse.m2e.maven.runtime_3.9.900.20240824-1409\jars\plexus-sec-dispatcher-2.0.jar
2025-04-23 16:51:18,366 [Worker-0: Launching mavenrun-5deca0de-db5c-4e66-b1ff-eee764852cc5] INFO  o.eclipse.m2e.core.internal.Bundles - 	Entry: C:\Program Files\Spring Tool Suite\sts-4.27.0.RELEASE\plugins\org.eclipse.m2e.maven.runtime_3.9.900.20240824-1409\jars\plexus-utils-3.5.1.jar
2025-04-23 16:51:18,367 [Worker-0: Launching mavenrun-5deca0de-db5c-4e66-b1ff-eee764852cc5] INFO  o.eclipse.m2e.core.internal.Bundles - 	Entry: C:\Program Files\Spring Tool Suite\sts-4.27.0.RELEASE\plugins\org.eclipse.m2e.maven.runtime_3.9.900.20240824-1409\jars\plexus-xml-3.0.1.jar
2025-04-23 16:51:18,367 [Worker-0: Launching mavenrun-5deca0de-db5c-4e66-b1ff-eee764852cc5] INFO  o.eclipse.m2e.core.internal.Bundles - 	Entry: C:\Program Files\Spring Tool Suite\sts-4.27.0.RELEASE\plugins\org.eclipse.m2e.maven.runtime_3.9.900.20240824-1409\jars\wagon-file-3.5.3.jar
2025-04-23 16:51:18,367 [Worker-0: Launching mavenrun-5deca0de-db5c-4e66-b1ff-eee764852cc5] INFO  o.eclipse.m2e.core.internal.Bundles - 	Entry: C:\Program Files\Spring Tool Suite\sts-4.27.0.RELEASE\plugins\org.eclipse.m2e.maven.runtime_3.9.900.20240824-1409\jars\wagon-http-3.5.3.jar
2025-04-23 16:51:18,367 [Worker-0: Launching mavenrun-5deca0de-db5c-4e66-b1ff-eee764852cc5] INFO  o.eclipse.m2e.core.internal.Bundles - 	Entry: C:\Program Files\Spring Tool Suite\sts-4.27.0.RELEASE\plugins\org.eclipse.m2e.maven.runtime_3.9.900.20240824-1409\jars\wagon-http-shared-3.5.3.jar
2025-04-23 16:51:18,367 [Worker-0: Launching mavenrun-5deca0de-db5c-4e66-b1ff-eee764852cc5] INFO  o.eclipse.m2e.core.internal.Bundles - 	Entry: C:\Program Files\Spring Tool Suite\sts-4.27.0.RELEASE\plugins\org.eclipse.m2e.maven.runtime_3.9.900.20240824-1409\jars\wagon-provider-api-3.5.3.jar
2025-04-23 16:51:18,370 [Worker-0: Launching mavenrun-5deca0de-db5c-4e66-b1ff-eee764852cc5] INFO  o.eclipse.m2e.core.internal.Bundles - getClasspathEntries(Bundle=com.google.guava_33.3.1.jre [29])
2025-04-23 16:51:18,371 [Worker-0: Launching mavenrun-5deca0de-db5c-4e66-b1ff-eee764852cc5] INFO  o.eclipse.m2e.core.internal.Bundles - 	Entry: C:\Program Files\Spring Tool Suite\sts-4.27.0.RELEASE\plugins\com.google.guava_33.3.1.jre.jar
2025-04-23 16:51:18,371 [Worker-0: Launching mavenrun-5deca0de-db5c-4e66-b1ff-eee764852cc5] INFO  o.eclipse.m2e.core.internal.Bundles - getClasspathEntries(Bundle=slf4j.api_2.0.16 [615])
2025-04-23 16:51:18,371 [Worker-0: Launching mavenrun-5deca0de-db5c-4e66-b1ff-eee764852cc5] INFO  o.eclipse.m2e.core.internal.Bundles - 	Entry: C:\Program Files\Spring Tool Suite\sts-4.27.0.RELEASE\plugins\slf4j.api_2.0.16.jar
2025-04-23 16:51:18,372 [Worker-0: Launching mavenrun-5deca0de-db5c-4e66-b1ff-eee764852cc5] INFO  o.eclipse.m2e.core.internal.Bundles - getClasspathEntries(Bundle=jakarta.inject.jakarta.inject-api_1.0.5 [45])
2025-04-23 16:51:18,372 [Worker-0: Launching mavenrun-5deca0de-db5c-4e66-b1ff-eee764852cc5] INFO  o.eclipse.m2e.core.internal.Bundles - 	Entry: C:\Program Files\Spring Tool Suite\sts-4.27.0.RELEASE\plugins\jakarta.inject.jakarta.inject-api_1.0.5.jar
2025-04-23 16:51:18,372 [Worker-0: Launching mavenrun-5deca0de-db5c-4e66-b1ff-eee764852cc5] INFO  o.eclipse.m2e.core.internal.Bundles - getClasspathEntries(Bundle=jakarta.annotation-api_1.3.5 [41])
2025-04-23 16:51:18,373 [Worker-0: Launching mavenrun-5deca0de-db5c-4e66-b1ff-eee764852cc5] INFO  o.eclipse.m2e.core.internal.Bundles - 	Entry: C:\Program Files\Spring Tool Suite\sts-4.27.0.RELEASE\plugins\jakarta.annotation-api_1.3.5.jar
2025-04-23 16:51:18,374 [Worker-0: Launching mavenrun-5deca0de-db5c-4e66-b1ff-eee764852cc5] INFO  o.eclipse.m2e.core.internal.Bundles - getClasspathEntries(Bundle=org.apache.commons.cli_1.9.0 [78])
2025-04-23 16:51:18,374 [Worker-0: Launching mavenrun-5deca0de-db5c-4e66-b1ff-eee764852cc5] INFO  o.eclipse.m2e.core.internal.Bundles - 	Entry: C:\Program Files\Spring Tool Suite\sts-4.27.0.RELEASE\plugins\org.apache.commons.cli_1.9.0.jar
2025-04-23 16:51:18,375 [Worker-0: Launching mavenrun-5deca0de-db5c-4e66-b1ff-eee764852cc5] INFO  o.eclipse.m2e.core.internal.Bundles - getClasspathEntries(Bundle=org.apache.commons.commons-codec_1.16.0 [81])
2025-04-23 16:51:18,375 [Worker-0: Launching mavenrun-5deca0de-db5c-4e66-b1ff-eee764852cc5] INFO  o.eclipse.m2e.core.internal.Bundles - 	Entry: C:\Program Files\Spring Tool Suite\sts-4.27.0.RELEASE\plugins\org.apache.commons.commons-codec_1.16.0.jar
2025-04-23 16:51:18,375 [Worker-0: Launching mavenrun-5deca0de-db5c-4e66-b1ff-eee764852cc5] INFO  o.eclipse.m2e.core.internal.Bundles - getClasspathEntries(Bundle=com.google.guava.failureaccess_1.0.2 [30])
2025-04-23 16:51:18,376 [Worker-0: Launching mavenrun-5deca0de-db5c-4e66-b1ff-eee764852cc5] INFO  o.eclipse.m2e.core.internal.Bundles - 	Entry: C:\Program Files\Spring Tool Suite\sts-4.27.0.RELEASE\plugins\com.google.guava.failureaccess_1.0.2.jar
2025-04-23 16:51:18,388 [Worker-0: Launching mavenrun-5deca0de-db5c-4e66-b1ff-eee764852cc5] INFO  o.e.m.i.launch.MavenLaunchDelegate - Run build in "C:\Users\hp\AppData\Local\Temp\m2e-archetypeGenerator10473559532630024486":
2025-04-23 16:51:18,398 [Worker-0: Launching mavenrun-5deca0de-db5c-4e66-b1ff-eee764852cc5] INFO  o.e.m.i.launch.MavenLaunchDelegate -  mvn  -DarchetypeGroupId=org.apache.maven.archetypes -DarchetypeArtifactId=maven-archetype-webapp -DarchetypeVersion=1.0 -DgroupId=com.SpringMVC -DartifactId=SpringMVC -Dversion=0.0.1-SNAPSHOT -Dpackage=com.SpringMVC.SpringMVC -DoutputDirectory=D:\5i9\Spring -Dstyle.color=always -U archetype:generate
2025-04-23 16:51:38,312 [Worker-4: Creating maven-archetype-webapp] INFO  o.e.m.c.i.p.ProjectConfigurationManager - Collecting project info '/pom.xml' D:\5i9\Spring\SpringMVC\pom.xml
2025-04-23 16:51:41,442 [Worker-4: Creating maven-archetype-webapp] INFO  o.e.m.c.i.l.LifecycleMappingFactory - Using org.maven.ide.eclipse.wtp.WarLifecycleMapping lifecycle mapping for MavenProject: com.SpringMVC:SpringMVC:0.0.1-SNAPSHOT @ D:\5i9\Spring\SpringMVC\pom.xml.
2025-04-23 16:51:44,777 [Worker-4: Creating maven-archetype-webapp] INFO  o.e.m.j.i.AbstractJavaProjectConfigurator - Adding source folder /SpringMVC/src/main/java
2025-04-23 16:51:44,779 [Worker-4: Creating maven-archetype-webapp] INFO  o.e.m.j.i.AbstractJavaProjectConfigurator - Adding resource folder /SpringMVC/src/main/resources
2025-04-23 16:51:44,780 [Worker-4: Creating maven-archetype-webapp] INFO  o.e.m.j.i.AbstractJavaProjectConfigurator - Adding source folder /SpringMVC/src/test/java
2025-04-23 16:51:44,783 [Worker-4: Creating maven-archetype-webapp] INFO  o.e.m.j.i.AbstractJavaProjectConfigurator - Adding resource folder /SpringMVC/src/test/resources
2025-04-23 16:51:45,592 [Worker-4: Creating maven-archetype-webapp] INFO  o.e.m.c.i.p.ProjectConfigurationManager - Imported and configured 1 project(s) in 7 sec
2025-04-23 16:51:46,861 [Worker-0: Building] WARN  o.a.m.s.f.DefaultMavenResourcesFiltering - Using platform encoding (UTF-8 actually) to copy filtered resources, i.e. build is platform dependent!
2025-04-23 16:51:46,873 [Worker-0: Building] INFO  o.a.m.s.f.DefaultMavenResourcesFiltering - Copying 0 resource from src\main\resources to target\classes
2025-04-23 16:51:46,882 [Worker-0: Building] WARN  o.a.m.s.f.DefaultMavenResourcesFiltering - Using platform encoding (UTF-8 actually) to copy filtered resources, i.e. build is platform dependent!
2025-04-23 16:51:46,884 [Worker-0: Building] INFO  o.a.m.s.f.DefaultMavenResourcesFiltering - skip non existing resourceDirectory D:\5i9\Spring\SpringMVC\src\test\resources
2025-04-23 16:52:53,334 [main] INFO  o.e.m2e.actions.ExecutePomAction - Creating new launch configuration
2025-04-23 16:56:46,679 [Worker-7: Building] WARN  o.a.m.s.f.DefaultMavenResourcesFiltering - Using platform encoding (UTF-8 actually) to copy filtered resources, i.e. build is platform dependent!
2025-04-23 16:56:46,686 [Worker-7: Building] INFO  o.a.m.s.f.DefaultMavenResourcesFiltering - Copying 0 resource from src\main\resources to target\classes
2025-04-23 16:56:46,694 [Worker-7: Building] WARN  o.a.m.s.f.DefaultMavenResourcesFiltering - Using platform encoding (UTF-8 actually) to copy filtered resources, i.e. build is platform dependent!
2025-04-23 16:56:46,697 [Worker-7: Building] INFO  o.a.m.s.f.DefaultMavenResourcesFiltering - Copying 0 resource from src\test\resources to target\test-classes
2025-04-23 16:56:59,134 [Worker-15: Launching SpringMVC] INFO  o.eclipse.m2e.core.internal.Bundles - getClasspathEntries(Bundle=org.eclipse.m2e.maven.runtime_3.9.900.20240824-1409 [364])
2025-04-23 16:56:59,135 [Worker-15: Launching SpringMVC] INFO  o.eclipse.m2e.core.internal.Bundles - 	Entry: C:\Program Files\Spring Tool Suite\sts-4.27.0.RELEASE\plugins\org.eclipse.m2e.maven.runtime_3.9.900.20240824-1409
2025-04-23 16:56:59,136 [Worker-15: Launching SpringMVC] INFO  o.eclipse.m2e.core.internal.Bundles - 	Entry: C:\Program Files\Spring Tool Suite\sts-4.27.0.RELEASE\plugins\org.eclipse.m2e.maven.runtime_3.9.900.20240824-1409\jars\aopalliance-1.0.jar
2025-04-23 16:56:59,136 [Worker-15: Launching SpringMVC] INFO  o.eclipse.m2e.core.internal.Bundles - 	Entry: C:\Program Files\Spring Tool Suite\sts-4.27.0.RELEASE\plugins\org.eclipse.m2e.maven.runtime_3.9.900.20240824-1409\jars\guice-5.1.0.jar
2025-04-23 16:56:59,136 [Worker-15: Launching SpringMVC] INFO  o.eclipse.m2e.core.internal.Bundles - 	Entry: C:\Program Files\Spring Tool Suite\sts-4.27.0.RELEASE\plugins\org.eclipse.m2e.maven.runtime_3.9.900.20240824-1409\jars\httpclient-4.5.14.jar
2025-04-23 16:56:59,137 [Worker-15: Launching SpringMVC] INFO  o.eclipse.m2e.core.internal.Bundles - 	Entry: C:\Program Files\Spring Tool Suite\sts-4.27.0.RELEASE\plugins\org.eclipse.m2e.maven.runtime_3.9.900.20240824-1409\jars\httpcore-4.4.16.jar
2025-04-23 16:56:59,137 [Worker-15: Launching SpringMVC] INFO  o.eclipse.m2e.core.internal.Bundles - 	Entry: C:\Program Files\Spring Tool Suite\sts-4.27.0.RELEASE\plugins\org.eclipse.m2e.maven.runtime_3.9.900.20240824-1409\jars\jansi-2.4.1.jar
2025-04-23 16:56:59,137 [Worker-15: Launching SpringMVC] INFO  o.eclipse.m2e.core.internal.Bundles - 	Entry: C:\Program Files\Spring Tool Suite\sts-4.27.0.RELEASE\plugins\org.eclipse.m2e.maven.runtime_3.9.900.20240824-1409\jars\jcl-over-slf4j-1.7.36.jar
2025-04-23 16:56:59,138 [Worker-15: Launching SpringMVC] INFO  o.eclipse.m2e.core.internal.Bundles - 	Entry: C:\Program Files\Spring Tool Suite\sts-4.27.0.RELEASE\plugins\org.eclipse.m2e.maven.runtime_3.9.900.20240824-1409\jars\maven-artifact-3.9.9.jar
2025-04-23 16:56:59,138 [Worker-15: Launching SpringMVC] INFO  o.eclipse.m2e.core.internal.Bundles - 	Entry: C:\Program Files\Spring Tool Suite\sts-4.27.0.RELEASE\plugins\org.eclipse.m2e.maven.runtime_3.9.900.20240824-1409\jars\maven-builder-support-3.9.9.jar
2025-04-23 16:56:59,138 [Worker-15: Launching SpringMVC] INFO  o.eclipse.m2e.core.internal.Bundles - 	Entry: C:\Program Files\Spring Tool Suite\sts-4.27.0.RELEASE\plugins\org.eclipse.m2e.maven.runtime_3.9.900.20240824-1409\jars\maven-compat-3.9.9.jar
2025-04-23 16:56:59,138 [Worker-15: Launching SpringMVC] INFO  o.eclipse.m2e.core.internal.Bundles - 	Entry: C:\Program Files\Spring Tool Suite\sts-4.27.0.RELEASE\plugins\org.eclipse.m2e.maven.runtime_3.9.900.20240824-1409\jars\maven-core-3.9.9.jar
2025-04-23 16:56:59,139 [Worker-15: Launching SpringMVC] INFO  o.eclipse.m2e.core.internal.Bundles - 	Entry: C:\Program Files\Spring Tool Suite\sts-4.27.0.RELEASE\plugins\org.eclipse.m2e.maven.runtime_3.9.900.20240824-1409\jars\maven-embedder-3.9.9.jar
2025-04-23 16:56:59,139 [Worker-15: Launching SpringMVC] INFO  o.eclipse.m2e.core.internal.Bundles - 	Entry: C:\Program Files\Spring Tool Suite\sts-4.27.0.RELEASE\plugins\org.eclipse.m2e.maven.runtime_3.9.900.20240824-1409\jars\maven-model-3.9.9.jar
2025-04-23 16:56:59,139 [Worker-15: Launching SpringMVC] INFO  o.eclipse.m2e.core.internal.Bundles - 	Entry: C:\Program Files\Spring Tool Suite\sts-4.27.0.RELEASE\plugins\org.eclipse.m2e.maven.runtime_3.9.900.20240824-1409\jars\maven-model-builder-3.9.9.jar
2025-04-23 16:56:59,140 [Worker-15: Launching SpringMVC] INFO  o.eclipse.m2e.core.internal.Bundles - 	Entry: C:\Program Files\Spring Tool Suite\sts-4.27.0.RELEASE\plugins\org.eclipse.m2e.maven.runtime_3.9.900.20240824-1409\jars\maven-plugin-api-3.9.9.jar
2025-04-23 16:56:59,141 [Worker-15: Launching SpringMVC] INFO  o.eclipse.m2e.core.internal.Bundles - 	Entry: C:\Program Files\Spring Tool Suite\sts-4.27.0.RELEASE\plugins\org.eclipse.m2e.maven.runtime_3.9.900.20240824-1409\jars\maven-repository-metadata-3.9.9.jar
2025-04-23 16:56:59,141 [Worker-15: Launching SpringMVC] INFO  o.eclipse.m2e.core.internal.Bundles - 	Entry: C:\Program Files\Spring Tool Suite\sts-4.27.0.RELEASE\plugins\org.eclipse.m2e.maven.runtime_3.9.900.20240824-1409\jars\maven-resolver-api-1.9.22.jar
2025-04-23 16:56:59,142 [Worker-15: Launching SpringMVC] INFO  o.eclipse.m2e.core.internal.Bundles - 	Entry: C:\Program Files\Spring Tool Suite\sts-4.27.0.RELEASE\plugins\org.eclipse.m2e.maven.runtime_3.9.900.20240824-1409\jars\maven-resolver-connector-basic-1.9.22.jar
2025-04-23 16:56:59,143 [Worker-15: Launching SpringMVC] INFO  o.eclipse.m2e.core.internal.Bundles - 	Entry: C:\Program Files\Spring Tool Suite\sts-4.27.0.RELEASE\plugins\org.eclipse.m2e.maven.runtime_3.9.900.20240824-1409\jars\maven-resolver-impl-1.9.22.jar
2025-04-23 16:56:59,144 [Worker-15: Launching SpringMVC] INFO  o.eclipse.m2e.core.internal.Bundles - 	Entry: C:\Program Files\Spring Tool Suite\sts-4.27.0.RELEASE\plugins\org.eclipse.m2e.maven.runtime_3.9.900.20240824-1409\jars\maven-resolver-named-locks-1.9.22.jar
2025-04-23 16:56:59,144 [Worker-15: Launching SpringMVC] INFO  o.eclipse.m2e.core.internal.Bundles - 	Entry: C:\Program Files\Spring Tool Suite\sts-4.27.0.RELEASE\plugins\org.eclipse.m2e.maven.runtime_3.9.900.20240824-1409\jars\maven-resolver-provider-3.9.9.jar
2025-04-23 16:56:59,144 [Worker-15: Launching SpringMVC] INFO  o.eclipse.m2e.core.internal.Bundles - 	Entry: C:\Program Files\Spring Tool Suite\sts-4.27.0.RELEASE\plugins\org.eclipse.m2e.maven.runtime_3.9.900.20240824-1409\jars\maven-resolver-spi-1.9.22.jar
2025-04-23 16:56:59,144 [Worker-15: Launching SpringMVC] INFO  o.eclipse.m2e.core.internal.Bundles - 	Entry: C:\Program Files\Spring Tool Suite\sts-4.27.0.RELEASE\plugins\org.eclipse.m2e.maven.runtime_3.9.900.20240824-1409\jars\maven-resolver-transport-file-1.9.22.jar
2025-04-23 16:56:59,144 [Worker-15: Launching SpringMVC] INFO  o.eclipse.m2e.core.internal.Bundles - 	Entry: C:\Program Files\Spring Tool Suite\sts-4.27.0.RELEASE\plugins\org.eclipse.m2e.maven.runtime_3.9.900.20240824-1409\jars\maven-resolver-transport-http-1.9.22.jar
2025-04-23 16:56:59,144 [Worker-15: Launching SpringMVC] INFO  o.eclipse.m2e.core.internal.Bundles - 	Entry: C:\Program Files\Spring Tool Suite\sts-4.27.0.RELEASE\plugins\org.eclipse.m2e.maven.runtime_3.9.900.20240824-1409\jars\maven-resolver-transport-wagon-1.9.22.jar
2025-04-23 16:56:59,144 [Worker-15: Launching SpringMVC] INFO  o.eclipse.m2e.core.internal.Bundles - 	Entry: C:\Program Files\Spring Tool Suite\sts-4.27.0.RELEASE\plugins\org.eclipse.m2e.maven.runtime_3.9.900.20240824-1409\jars\maven-resolver-util-1.9.22.jar
2025-04-23 16:56:59,144 [Worker-15: Launching SpringMVC] INFO  o.eclipse.m2e.core.internal.Bundles - 	Entry: C:\Program Files\Spring Tool Suite\sts-4.27.0.RELEASE\plugins\org.eclipse.m2e.maven.runtime_3.9.900.20240824-1409\jars\maven-settings-3.9.9.jar
2025-04-23 16:56:59,145 [Worker-15: Launching SpringMVC] INFO  o.eclipse.m2e.core.internal.Bundles - 	Entry: C:\Program Files\Spring Tool Suite\sts-4.27.0.RELEASE\plugins\org.eclipse.m2e.maven.runtime_3.9.900.20240824-1409\jars\maven-settings-builder-3.9.9.jar
2025-04-23 16:56:59,145 [Worker-15: Launching SpringMVC] INFO  o.eclipse.m2e.core.internal.Bundles - 	Entry: C:\Program Files\Spring Tool Suite\sts-4.27.0.RELEASE\plugins\org.eclipse.m2e.maven.runtime_3.9.900.20240824-1409\jars\maven-shared-utils-3.4.2.jar
2025-04-23 16:56:59,145 [Worker-15: Launching SpringMVC] INFO  o.eclipse.m2e.core.internal.Bundles - 	Entry: C:\Program Files\Spring Tool Suite\sts-4.27.0.RELEASE\plugins\org.eclipse.m2e.maven.runtime_3.9.900.20240824-1409\jars\org.eclipse.sisu.inject-0.9.0.M3.jar
2025-04-23 16:56:59,145 [Worker-15: Launching SpringMVC] INFO  o.eclipse.m2e.core.internal.Bundles - 	Entry: C:\Program Files\Spring Tool Suite\sts-4.27.0.RELEASE\plugins\org.eclipse.m2e.maven.runtime_3.9.900.20240824-1409\jars\org.eclipse.sisu.plexus-0.9.0.M3.jar
2025-04-23 16:56:59,145 [Worker-15: Launching SpringMVC] INFO  o.eclipse.m2e.core.internal.Bundles - 	Entry: C:\Program Files\Spring Tool Suite\sts-4.27.0.RELEASE\plugins\org.eclipse.m2e.maven.runtime_3.9.900.20240824-1409\jars\plexus-build-api-0.0.7.jar
2025-04-23 16:56:59,145 [Worker-15: Launching SpringMVC] INFO  o.eclipse.m2e.core.internal.Bundles - 	Entry: C:\Program Files\Spring Tool Suite\sts-4.27.0.RELEASE\plugins\org.eclipse.m2e.maven.runtime_3.9.900.20240824-1409\jars\plexus-build-api-1.2.0.jar
2025-04-23 16:56:59,146 [Worker-15: Launching SpringMVC] INFO  o.eclipse.m2e.core.internal.Bundles - 	Entry: C:\Program Files\Spring Tool Suite\sts-4.27.0.RELEASE\plugins\org.eclipse.m2e.maven.runtime_3.9.900.20240824-1409\jars\plexus-cipher-2.0.jar
2025-04-23 16:56:59,146 [Worker-15: Launching SpringMVC] INFO  o.eclipse.m2e.core.internal.Bundles - 	Entry: C:\Program Files\Spring Tool Suite\sts-4.27.0.RELEASE\plugins\org.eclipse.m2e.maven.runtime_3.9.900.20240824-1409\jars\plexus-classworlds-2.8.0.jar
2025-04-23 16:56:59,146 [Worker-15: Launching SpringMVC] INFO  o.eclipse.m2e.core.internal.Bundles - 	Entry: C:\Program Files\Spring Tool Suite\sts-4.27.0.RELEASE\plugins\org.eclipse.m2e.maven.runtime_3.9.900.20240824-1409\jars\plexus-component-annotations-2.1.0.jar
2025-04-23 16:56:59,146 [Worker-15: Launching SpringMVC] INFO  o.eclipse.m2e.core.internal.Bundles - 	Entry: C:\Program Files\Spring Tool Suite\sts-4.27.0.RELEASE\plugins\org.eclipse.m2e.maven.runtime_3.9.900.20240824-1409\jars\plexus-interpolation-1.27.jar
2025-04-23 16:56:59,146 [Worker-15: Launching SpringMVC] INFO  o.eclipse.m2e.core.internal.Bundles - 	Entry: C:\Program Files\Spring Tool Suite\sts-4.27.0.RELEASE\plugins\org.eclipse.m2e.maven.runtime_3.9.900.20240824-1409\jars\plexus-sec-dispatcher-2.0.jar
2025-04-23 16:56:59,147 [Worker-15: Launching SpringMVC] INFO  o.eclipse.m2e.core.internal.Bundles - 	Entry: C:\Program Files\Spring Tool Suite\sts-4.27.0.RELEASE\plugins\org.eclipse.m2e.maven.runtime_3.9.900.20240824-1409\jars\plexus-utils-3.5.1.jar
2025-04-23 16:56:59,147 [Worker-15: Launching SpringMVC] INFO  o.eclipse.m2e.core.internal.Bundles - 	Entry: C:\Program Files\Spring Tool Suite\sts-4.27.0.RELEASE\plugins\org.eclipse.m2e.maven.runtime_3.9.900.20240824-1409\jars\plexus-xml-3.0.1.jar
2025-04-23 16:56:59,148 [Worker-15: Launching SpringMVC] INFO  o.eclipse.m2e.core.internal.Bundles - 	Entry: C:\Program Files\Spring Tool Suite\sts-4.27.0.RELEASE\plugins\org.eclipse.m2e.maven.runtime_3.9.900.20240824-1409\jars\wagon-file-3.5.3.jar
2025-04-23 16:56:59,148 [Worker-15: Launching SpringMVC] INFO  o.eclipse.m2e.core.internal.Bundles - 	Entry: C:\Program Files\Spring Tool Suite\sts-4.27.0.RELEASE\plugins\org.eclipse.m2e.maven.runtime_3.9.900.20240824-1409\jars\wagon-http-3.5.3.jar
2025-04-23 16:56:59,149 [Worker-15: Launching SpringMVC] INFO  o.eclipse.m2e.core.internal.Bundles - 	Entry: C:\Program Files\Spring Tool Suite\sts-4.27.0.RELEASE\plugins\org.eclipse.m2e.maven.runtime_3.9.900.20240824-1409\jars\wagon-http-shared-3.5.3.jar
2025-04-23 16:56:59,149 [Worker-15: Launching SpringMVC] INFO  o.eclipse.m2e.core.internal.Bundles - 	Entry: C:\Program Files\Spring Tool Suite\sts-4.27.0.RELEASE\plugins\org.eclipse.m2e.maven.runtime_3.9.900.20240824-1409\jars\wagon-provider-api-3.5.3.jar
2025-04-23 16:56:59,150 [Worker-15: Launching SpringMVC] INFO  o.eclipse.m2e.core.internal.Bundles - getClasspathEntries(Bundle=com.google.guava_33.3.1.jre [29])
2025-04-23 16:56:59,151 [Worker-15: Launching SpringMVC] INFO  o.eclipse.m2e.core.internal.Bundles - 	Entry: C:\Program Files\Spring Tool Suite\sts-4.27.0.RELEASE\plugins\com.google.guava_33.3.1.jre.jar
2025-04-23 16:56:59,151 [Worker-15: Launching SpringMVC] INFO  o.eclipse.m2e.core.internal.Bundles - getClasspathEntries(Bundle=slf4j.api_2.0.16 [615])
2025-04-23 16:56:59,152 [Worker-15: Launching SpringMVC] INFO  o.eclipse.m2e.core.internal.Bundles - 	Entry: C:\Program Files\Spring Tool Suite\sts-4.27.0.RELEASE\plugins\slf4j.api_2.0.16.jar
2025-04-23 16:56:59,153 [Worker-15: Launching SpringMVC] INFO  o.eclipse.m2e.core.internal.Bundles - getClasspathEntries(Bundle=jakarta.inject.jakarta.inject-api_1.0.5 [45])
2025-04-23 16:56:59,155 [Worker-15: Launching SpringMVC] INFO  o.eclipse.m2e.core.internal.Bundles - 	Entry: C:\Program Files\Spring Tool Suite\sts-4.27.0.RELEASE\plugins\jakarta.inject.jakarta.inject-api_1.0.5.jar
2025-04-23 16:56:59,155 [Worker-15: Launching SpringMVC] INFO  o.eclipse.m2e.core.internal.Bundles - getClasspathEntries(Bundle=jakarta.annotation-api_1.3.5 [41])
2025-04-23 16:56:59,156 [Worker-15: Launching SpringMVC] INFO  o.eclipse.m2e.core.internal.Bundles - 	Entry: C:\Program Files\Spring Tool Suite\sts-4.27.0.RELEASE\plugins\jakarta.annotation-api_1.3.5.jar
2025-04-23 16:56:59,156 [Worker-15: Launching SpringMVC] INFO  o.eclipse.m2e.core.internal.Bundles - getClasspathEntries(Bundle=org.apache.commons.cli_1.9.0 [78])
2025-04-23 16:56:59,157 [Worker-15: Launching SpringMVC] INFO  o.eclipse.m2e.core.internal.Bundles - 	Entry: C:\Program Files\Spring Tool Suite\sts-4.27.0.RELEASE\plugins\org.apache.commons.cli_1.9.0.jar
2025-04-23 16:56:59,157 [Worker-15: Launching SpringMVC] INFO  o.eclipse.m2e.core.internal.Bundles - getClasspathEntries(Bundle=org.apache.commons.commons-codec_1.16.0 [81])
2025-04-23 16:56:59,158 [Worker-15: Launching SpringMVC] INFO  o.eclipse.m2e.core.internal.Bundles - 	Entry: C:\Program Files\Spring Tool Suite\sts-4.27.0.RELEASE\plugins\org.apache.commons.commons-codec_1.16.0.jar
2025-04-23 16:56:59,158 [Worker-15: Launching SpringMVC] INFO  o.eclipse.m2e.core.internal.Bundles - getClasspathEntries(Bundle=com.google.guava.failureaccess_1.0.2 [30])
2025-04-23 16:56:59,160 [Worker-15: Launching SpringMVC] INFO  o.eclipse.m2e.core.internal.Bundles - 	Entry: C:\Program Files\Spring Tool Suite\sts-4.27.0.RELEASE\plugins\com.google.guava.failureaccess_1.0.2.jar
2025-04-23 16:56:59,161 [Worker-15: Launching SpringMVC] INFO  o.e.m.i.launch.MavenLaunchDelegate - Run build in "D:\5i9\Spring\SpringMVC":
2025-04-23 16:56:59,162 [Worker-15: Launching SpringMVC] INFO  o.e.m.i.launch.MavenLaunchDelegate -  mvn  -B -Dstyle.color=always 
2025-04-23 16:57:22,103 [Worker-7: Updating Maven Project] INFO  o.e.m.c.i.p.ProjectConfigurationManager - Update started
2025-04-23 16:57:22,539 [Worker-7: Updating Maven Project] INFO  o.e.m.c.i.l.LifecycleMappingFactory - Using org.maven.ide.eclipse.wtp.WarLifecycleMapping lifecycle mapping for MavenProject: com.SpringMVC:SpringMVC:0.0.1-SNAPSHOT @ D:\5i9\Spring\SpringMVC\pom.xml.
2025-04-23 16:57:23,334 [Worker-7: Updating Maven Project] INFO  o.e.m.j.i.AbstractJavaProjectConfigurator - Adding source folder /SpringMVC/src/main/java
2025-04-23 16:57:23,335 [Worker-7: Updating Maven Project] INFO  o.e.m.j.i.AbstractJavaProjectConfigurator - Adding resource folder /SpringMVC/src/main/resources
2025-04-23 16:57:23,336 [Worker-7: Updating Maven Project] INFO  o.e.m.j.i.AbstractJavaProjectConfigurator - Adding source folder /SpringMVC/src/test/java
2025-04-23 16:57:23,336 [Worker-7: Updating Maven Project] INFO  o.e.m.j.i.AbstractJavaProjectConfigurator - Adding resource folder /SpringMVC/src/test/resources
2025-04-23 16:57:23,559 [Worker-7: Updating Maven Project] INFO  o.e.m.w.i.f.ResourceFilteringBuildParticipant - Cleaning filtered folder for SpringMVC
2025-04-23 16:57:23,601 [Worker-7: Updating Maven Project] INFO  o.e.m.c.i.p.ProjectConfigurationManager - Update completed for 1 poms: local refresh takes 0.00 sec, refresh facades takes 1.00 sec, update config takes 0.00 sec 
2025-04-23 16:57:23,820 [Worker-7: Building] WARN  o.a.m.s.f.DefaultMavenResourcesFiltering - Using platform encoding (UTF-8 actually) to copy filtered resources, i.e. build is platform dependent!
2025-04-23 16:57:23,823 [Worker-7: Building] INFO  o.a.m.s.f.DefaultMavenResourcesFiltering - Copying 0 resource from src\main\resources to target\classes
2025-04-23 16:57:23,831 [Worker-7: Building] WARN  o.a.m.s.f.DefaultMavenResourcesFiltering - Using platform encoding (UTF-8 actually) to copy filtered resources, i.e. build is platform dependent!
2025-04-23 16:57:23,834 [Worker-7: Building] INFO  o.a.m.s.f.DefaultMavenResourcesFiltering - Copying 0 resource from src\test\resources to target\test-classes
2025-04-23 16:57:23,835 [Worker-7: Building] INFO  o.e.m.w.i.f.ResourceFilteringBuildParticipant - Changed resources require a complete clean of filtered resources of SpringMVC
2025-04-23 16:57:23,845 [Worker-7: Building] INFO  o.e.m.w.i.f.ResourceFilteringBuildParticipant - Executing resource filtering for SpringMVC
2025-04-23 16:57:27,944 [Worker-14: Launching SpringMVC] INFO  o.eclipse.m2e.core.internal.Bundles - getClasspathEntries(Bundle=org.eclipse.m2e.maven.runtime_3.9.900.20240824-1409 [364])
2025-04-23 16:57:27,945 [Worker-14: Launching SpringMVC] INFO  o.eclipse.m2e.core.internal.Bundles - 	Entry: C:\Program Files\Spring Tool Suite\sts-4.27.0.RELEASE\plugins\org.eclipse.m2e.maven.runtime_3.9.900.20240824-1409
2025-04-23 16:57:27,946 [Worker-14: Launching SpringMVC] INFO  o.eclipse.m2e.core.internal.Bundles - 	Entry: C:\Program Files\Spring Tool Suite\sts-4.27.0.RELEASE\plugins\org.eclipse.m2e.maven.runtime_3.9.900.20240824-1409\jars\aopalliance-1.0.jar
2025-04-23 16:57:27,946 [Worker-14: Launching SpringMVC] INFO  o.eclipse.m2e.core.internal.Bundles - 	Entry: C:\Program Files\Spring Tool Suite\sts-4.27.0.RELEASE\plugins\org.eclipse.m2e.maven.runtime_3.9.900.20240824-1409\jars\guice-5.1.0.jar
2025-04-23 16:57:27,946 [Worker-14: Launching SpringMVC] INFO  o.eclipse.m2e.core.internal.Bundles - 	Entry: C:\Program Files\Spring Tool Suite\sts-4.27.0.RELEASE\plugins\org.eclipse.m2e.maven.runtime_3.9.900.20240824-1409\jars\httpclient-4.5.14.jar
2025-04-23 16:57:27,946 [Worker-14: Launching SpringMVC] INFO  o.eclipse.m2e.core.internal.Bundles - 	Entry: C:\Program Files\Spring Tool Suite\sts-4.27.0.RELEASE\plugins\org.eclipse.m2e.maven.runtime_3.9.900.20240824-1409\jars\httpcore-4.4.16.jar
2025-04-23 16:57:27,946 [Worker-14: Launching SpringMVC] INFO  o.eclipse.m2e.core.internal.Bundles - 	Entry: C:\Program Files\Spring Tool Suite\sts-4.27.0.RELEASE\plugins\org.eclipse.m2e.maven.runtime_3.9.900.20240824-1409\jars\jansi-2.4.1.jar
2025-04-23 16:57:27,947 [Worker-14: Launching SpringMVC] INFO  o.eclipse.m2e.core.internal.Bundles - 	Entry: C:\Program Files\Spring Tool Suite\sts-4.27.0.RELEASE\plugins\org.eclipse.m2e.maven.runtime_3.9.900.20240824-1409\jars\jcl-over-slf4j-1.7.36.jar
2025-04-23 16:57:27,947 [Worker-14: Launching SpringMVC] INFO  o.eclipse.m2e.core.internal.Bundles - 	Entry: C:\Program Files\Spring Tool Suite\sts-4.27.0.RELEASE\plugins\org.eclipse.m2e.maven.runtime_3.9.900.20240824-1409\jars\maven-artifact-3.9.9.jar
2025-04-23 16:57:27,947 [Worker-14: Launching SpringMVC] INFO  o.eclipse.m2e.core.internal.Bundles - 	Entry: C:\Program Files\Spring Tool Suite\sts-4.27.0.RELEASE\plugins\org.eclipse.m2e.maven.runtime_3.9.900.20240824-1409\jars\maven-builder-support-3.9.9.jar
2025-04-23 16:57:27,947 [Worker-14: Launching SpringMVC] INFO  o.eclipse.m2e.core.internal.Bundles - 	Entry: C:\Program Files\Spring Tool Suite\sts-4.27.0.RELEASE\plugins\org.eclipse.m2e.maven.runtime_3.9.900.20240824-1409\jars\maven-compat-3.9.9.jar
2025-04-23 16:57:27,947 [Worker-14: Launching SpringMVC] INFO  o.eclipse.m2e.core.internal.Bundles - 	Entry: C:\Program Files\Spring Tool Suite\sts-4.27.0.RELEASE\plugins\org.eclipse.m2e.maven.runtime_3.9.900.20240824-1409\jars\maven-core-3.9.9.jar
2025-04-23 16:57:27,947 [Worker-14: Launching SpringMVC] INFO  o.eclipse.m2e.core.internal.Bundles - 	Entry: C:\Program Files\Spring Tool Suite\sts-4.27.0.RELEASE\plugins\org.eclipse.m2e.maven.runtime_3.9.900.20240824-1409\jars\maven-embedder-3.9.9.jar
2025-04-23 16:57:27,948 [Worker-14: Launching SpringMVC] INFO  o.eclipse.m2e.core.internal.Bundles - 	Entry: C:\Program Files\Spring Tool Suite\sts-4.27.0.RELEASE\plugins\org.eclipse.m2e.maven.runtime_3.9.900.20240824-1409\jars\maven-model-3.9.9.jar
2025-04-23 16:57:27,948 [Worker-14: Launching SpringMVC] INFO  o.eclipse.m2e.core.internal.Bundles - 	Entry: C:\Program Files\Spring Tool Suite\sts-4.27.0.RELEASE\plugins\org.eclipse.m2e.maven.runtime_3.9.900.20240824-1409\jars\maven-model-builder-3.9.9.jar
2025-04-23 16:57:27,948 [Worker-14: Launching SpringMVC] INFO  o.eclipse.m2e.core.internal.Bundles - 	Entry: C:\Program Files\Spring Tool Suite\sts-4.27.0.RELEASE\plugins\org.eclipse.m2e.maven.runtime_3.9.900.20240824-1409\jars\maven-plugin-api-3.9.9.jar
2025-04-23 16:57:27,948 [Worker-14: Launching SpringMVC] INFO  o.eclipse.m2e.core.internal.Bundles - 	Entry: C:\Program Files\Spring Tool Suite\sts-4.27.0.RELEASE\plugins\org.eclipse.m2e.maven.runtime_3.9.900.20240824-1409\jars\maven-repository-metadata-3.9.9.jar
2025-04-23 16:57:27,949 [Worker-14: Launching SpringMVC] INFO  o.eclipse.m2e.core.internal.Bundles - 	Entry: C:\Program Files\Spring Tool Suite\sts-4.27.0.RELEASE\plugins\org.eclipse.m2e.maven.runtime_3.9.900.20240824-1409\jars\maven-resolver-api-1.9.22.jar
2025-04-23 16:57:27,949 [Worker-14: Launching SpringMVC] INFO  o.eclipse.m2e.core.internal.Bundles - 	Entry: C:\Program Files\Spring Tool Suite\sts-4.27.0.RELEASE\plugins\org.eclipse.m2e.maven.runtime_3.9.900.20240824-1409\jars\maven-resolver-connector-basic-1.9.22.jar
2025-04-23 16:57:27,949 [Worker-14: Launching SpringMVC] INFO  o.eclipse.m2e.core.internal.Bundles - 	Entry: C:\Program Files\Spring Tool Suite\sts-4.27.0.RELEASE\plugins\org.eclipse.m2e.maven.runtime_3.9.900.20240824-1409\jars\maven-resolver-impl-1.9.22.jar
2025-04-23 16:57:27,949 [Worker-14: Launching SpringMVC] INFO  o.eclipse.m2e.core.internal.Bundles - 	Entry: C:\Program Files\Spring Tool Suite\sts-4.27.0.RELEASE\plugins\org.eclipse.m2e.maven.runtime_3.9.900.20240824-1409\jars\maven-resolver-named-locks-1.9.22.jar
2025-04-23 16:57:27,950 [Worker-14: Launching SpringMVC] INFO  o.eclipse.m2e.core.internal.Bundles - 	Entry: C:\Program Files\Spring Tool Suite\sts-4.27.0.RELEASE\plugins\org.eclipse.m2e.maven.runtime_3.9.900.20240824-1409\jars\maven-resolver-provider-3.9.9.jar
2025-04-23 16:57:27,950 [Worker-14: Launching SpringMVC] INFO  o.eclipse.m2e.core.internal.Bundles - 	Entry: C:\Program Files\Spring Tool Suite\sts-4.27.0.RELEASE\plugins\org.eclipse.m2e.maven.runtime_3.9.900.20240824-1409\jars\maven-resolver-spi-1.9.22.jar
2025-04-23 16:57:27,950 [Worker-14: Launching SpringMVC] INFO  o.eclipse.m2e.core.internal.Bundles - 	Entry: C:\Program Files\Spring Tool Suite\sts-4.27.0.RELEASE\plugins\org.eclipse.m2e.maven.runtime_3.9.900.20240824-1409\jars\maven-resolver-transport-file-1.9.22.jar
2025-04-23 16:57:27,950 [Worker-14: Launching SpringMVC] INFO  o.eclipse.m2e.core.internal.Bundles - 	Entry: C:\Program Files\Spring Tool Suite\sts-4.27.0.RELEASE\plugins\org.eclipse.m2e.maven.runtime_3.9.900.20240824-1409\jars\maven-resolver-transport-http-1.9.22.jar
2025-04-23 16:57:27,950 [Worker-14: Launching SpringMVC] INFO  o.eclipse.m2e.core.internal.Bundles - 	Entry: C:\Program Files\Spring Tool Suite\sts-4.27.0.RELEASE\plugins\org.eclipse.m2e.maven.runtime_3.9.900.20240824-1409\jars\maven-resolver-transport-wagon-1.9.22.jar
2025-04-23 16:57:27,950 [Worker-14: Launching SpringMVC] INFO  o.eclipse.m2e.core.internal.Bundles - 	Entry: C:\Program Files\Spring Tool Suite\sts-4.27.0.RELEASE\plugins\org.eclipse.m2e.maven.runtime_3.9.900.20240824-1409\jars\maven-resolver-util-1.9.22.jar
2025-04-23 16:57:27,950 [Worker-14: Launching SpringMVC] INFO  o.eclipse.m2e.core.internal.Bundles - 	Entry: C:\Program Files\Spring Tool Suite\sts-4.27.0.RELEASE\plugins\org.eclipse.m2e.maven.runtime_3.9.900.20240824-1409\jars\maven-settings-3.9.9.jar
2025-04-23 16:57:27,951 [Worker-14: Launching SpringMVC] INFO  o.eclipse.m2e.core.internal.Bundles - 	Entry: C:\Program Files\Spring Tool Suite\sts-4.27.0.RELEASE\plugins\org.eclipse.m2e.maven.runtime_3.9.900.20240824-1409\jars\maven-settings-builder-3.9.9.jar
2025-04-23 16:57:27,951 [Worker-14: Launching SpringMVC] INFO  o.eclipse.m2e.core.internal.Bundles - 	Entry: C:\Program Files\Spring Tool Suite\sts-4.27.0.RELEASE\plugins\org.eclipse.m2e.maven.runtime_3.9.900.20240824-1409\jars\maven-shared-utils-3.4.2.jar
2025-04-23 16:57:27,951 [Worker-14: Launching SpringMVC] INFO  o.eclipse.m2e.core.internal.Bundles - 	Entry: C:\Program Files\Spring Tool Suite\sts-4.27.0.RELEASE\plugins\org.eclipse.m2e.maven.runtime_3.9.900.20240824-1409\jars\org.eclipse.sisu.inject-0.9.0.M3.jar
2025-04-23 16:57:27,951 [Worker-14: Launching SpringMVC] INFO  o.eclipse.m2e.core.internal.Bundles - 	Entry: C:\Program Files\Spring Tool Suite\sts-4.27.0.RELEASE\plugins\org.eclipse.m2e.maven.runtime_3.9.900.20240824-1409\jars\org.eclipse.sisu.plexus-0.9.0.M3.jar
2025-04-23 16:57:27,951 [Worker-14: Launching SpringMVC] INFO  o.eclipse.m2e.core.internal.Bundles - 	Entry: C:\Program Files\Spring Tool Suite\sts-4.27.0.RELEASE\plugins\org.eclipse.m2e.maven.runtime_3.9.900.20240824-1409\jars\plexus-build-api-0.0.7.jar
2025-04-23 16:57:27,951 [Worker-14: Launching SpringMVC] INFO  o.eclipse.m2e.core.internal.Bundles - 	Entry: C:\Program Files\Spring Tool Suite\sts-4.27.0.RELEASE\plugins\org.eclipse.m2e.maven.runtime_3.9.900.20240824-1409\jars\plexus-build-api-1.2.0.jar
2025-04-23 16:57:27,951 [Worker-14: Launching SpringMVC] INFO  o.eclipse.m2e.core.internal.Bundles - 	Entry: C:\Program Files\Spring Tool Suite\sts-4.27.0.RELEASE\plugins\org.eclipse.m2e.maven.runtime_3.9.900.20240824-1409\jars\plexus-cipher-2.0.jar
2025-04-23 16:57:27,951 [Worker-14: Launching SpringMVC] INFO  o.eclipse.m2e.core.internal.Bundles - 	Entry: C:\Program Files\Spring Tool Suite\sts-4.27.0.RELEASE\plugins\org.eclipse.m2e.maven.runtime_3.9.900.20240824-1409\jars\plexus-classworlds-2.8.0.jar
2025-04-23 16:57:27,952 [Worker-14: Launching SpringMVC] INFO  o.eclipse.m2e.core.internal.Bundles - 	Entry: C:\Program Files\Spring Tool Suite\sts-4.27.0.RELEASE\plugins\org.eclipse.m2e.maven.runtime_3.9.900.20240824-1409\jars\plexus-component-annotations-2.1.0.jar
2025-04-23 16:57:27,952 [Worker-14: Launching SpringMVC] INFO  o.eclipse.m2e.core.internal.Bundles - 	Entry: C:\Program Files\Spring Tool Suite\sts-4.27.0.RELEASE\plugins\org.eclipse.m2e.maven.runtime_3.9.900.20240824-1409\jars\plexus-interpolation-1.27.jar
2025-04-23 16:57:27,952 [Worker-14: Launching SpringMVC] INFO  o.eclipse.m2e.core.internal.Bundles - 	Entry: C:\Program Files\Spring Tool Suite\sts-4.27.0.RELEASE\plugins\org.eclipse.m2e.maven.runtime_3.9.900.20240824-1409\jars\plexus-sec-dispatcher-2.0.jar
2025-04-23 16:57:27,952 [Worker-14: Launching SpringMVC] INFO  o.eclipse.m2e.core.internal.Bundles - 	Entry: C:\Program Files\Spring Tool Suite\sts-4.27.0.RELEASE\plugins\org.eclipse.m2e.maven.runtime_3.9.900.20240824-1409\jars\plexus-utils-3.5.1.jar
2025-04-23 16:57:27,952 [Worker-14: Launching SpringMVC] INFO  o.eclipse.m2e.core.internal.Bundles - 	Entry: C:\Program Files\Spring Tool Suite\sts-4.27.0.RELEASE\plugins\org.eclipse.m2e.maven.runtime_3.9.900.20240824-1409\jars\plexus-xml-3.0.1.jar
2025-04-23 16:57:27,952 [Worker-14: Launching SpringMVC] INFO  o.eclipse.m2e.core.internal.Bundles - 	Entry: C:\Program Files\Spring Tool Suite\sts-4.27.0.RELEASE\plugins\org.eclipse.m2e.maven.runtime_3.9.900.20240824-1409\jars\wagon-file-3.5.3.jar
2025-04-23 16:57:27,952 [Worker-14: Launching SpringMVC] INFO  o.eclipse.m2e.core.internal.Bundles - 	Entry: C:\Program Files\Spring Tool Suite\sts-4.27.0.RELEASE\plugins\org.eclipse.m2e.maven.runtime_3.9.900.20240824-1409\jars\wagon-http-3.5.3.jar
2025-04-23 16:57:27,953 [Worker-14: Launching SpringMVC] INFO  o.eclipse.m2e.core.internal.Bundles - 	Entry: C:\Program Files\Spring Tool Suite\sts-4.27.0.RELEASE\plugins\org.eclipse.m2e.maven.runtime_3.9.900.20240824-1409\jars\wagon-http-shared-3.5.3.jar
2025-04-23 16:57:27,953 [Worker-14: Launching SpringMVC] INFO  o.eclipse.m2e.core.internal.Bundles - 	Entry: C:\Program Files\Spring Tool Suite\sts-4.27.0.RELEASE\plugins\org.eclipse.m2e.maven.runtime_3.9.900.20240824-1409\jars\wagon-provider-api-3.5.3.jar
2025-04-23 16:57:27,953 [Worker-14: Launching SpringMVC] INFO  o.eclipse.m2e.core.internal.Bundles - getClasspathEntries(Bundle=com.google.guava_33.3.1.jre [29])
2025-04-23 16:57:27,954 [Worker-14: Launching SpringMVC] INFO  o.eclipse.m2e.core.internal.Bundles - 	Entry: C:\Program Files\Spring Tool Suite\sts-4.27.0.RELEASE\plugins\com.google.guava_33.3.1.jre.jar
2025-04-23 16:57:27,954 [Worker-14: Launching SpringMVC] INFO  o.eclipse.m2e.core.internal.Bundles - getClasspathEntries(Bundle=slf4j.api_2.0.16 [615])
2025-04-23 16:57:27,954 [Worker-14: Launching SpringMVC] INFO  o.eclipse.m2e.core.internal.Bundles - 	Entry: C:\Program Files\Spring Tool Suite\sts-4.27.0.RELEASE\plugins\slf4j.api_2.0.16.jar
2025-04-23 16:57:27,954 [Worker-14: Launching SpringMVC] INFO  o.eclipse.m2e.core.internal.Bundles - getClasspathEntries(Bundle=jakarta.inject.jakarta.inject-api_1.0.5 [45])
2025-04-23 16:57:27,954 [Worker-14: Launching SpringMVC] INFO  o.eclipse.m2e.core.internal.Bundles - 	Entry: C:\Program Files\Spring Tool Suite\sts-4.27.0.RELEASE\plugins\jakarta.inject.jakarta.inject-api_1.0.5.jar
2025-04-23 16:57:27,954 [Worker-14: Launching SpringMVC] INFO  o.eclipse.m2e.core.internal.Bundles - getClasspathEntries(Bundle=jakarta.annotation-api_1.3.5 [41])
2025-04-23 16:57:27,954 [Worker-14: Launching SpringMVC] INFO  o.eclipse.m2e.core.internal.Bundles - 	Entry: C:\Program Files\Spring Tool Suite\sts-4.27.0.RELEASE\plugins\jakarta.annotation-api_1.3.5.jar
2025-04-23 16:57:27,954 [Worker-14: Launching SpringMVC] INFO  o.eclipse.m2e.core.internal.Bundles - getClasspathEntries(Bundle=org.apache.commons.cli_1.9.0 [78])
2025-04-23 16:57:27,955 [Worker-14: Launching SpringMVC] INFO  o.eclipse.m2e.core.internal.Bundles - 	Entry: C:\Program Files\Spring Tool Suite\sts-4.27.0.RELEASE\plugins\org.apache.commons.cli_1.9.0.jar
2025-04-23 16:57:27,955 [Worker-14: Launching SpringMVC] INFO  o.eclipse.m2e.core.internal.Bundles - getClasspathEntries(Bundle=org.apache.commons.commons-codec_1.16.0 [81])
2025-04-23 16:57:27,955 [Worker-14: Launching SpringMVC] INFO  o.eclipse.m2e.core.internal.Bundles - 	Entry: C:\Program Files\Spring Tool Suite\sts-4.27.0.RELEASE\plugins\org.apache.commons.commons-codec_1.16.0.jar
2025-04-23 16:57:27,955 [Worker-14: Launching SpringMVC] INFO  o.eclipse.m2e.core.internal.Bundles - getClasspathEntries(Bundle=com.google.guava.failureaccess_1.0.2 [30])
2025-04-23 16:57:27,955 [Worker-14: Launching SpringMVC] INFO  o.eclipse.m2e.core.internal.Bundles - 	Entry: C:\Program Files\Spring Tool Suite\sts-4.27.0.RELEASE\plugins\com.google.guava.failureaccess_1.0.2.jar
2025-04-23 16:57:27,958 [Worker-14: Launching SpringMVC] INFO  o.e.m.i.launch.MavenLaunchDelegate - Run build in "D:\5i9\Spring\SpringMVC":
2025-04-23 16:57:27,959 [Worker-14: Launching SpringMVC] INFO  o.e.m.i.launch.MavenLaunchDelegate -  mvn  -B -Dstyle.color=always 
2025-04-23 16:58:15,300 [Worker-1: Launching SpringMVC] INFO  o.eclipse.m2e.core.internal.Bundles - getClasspathEntries(Bundle=org.eclipse.m2e.maven.runtime_3.9.900.20240824-1409 [364])
2025-04-23 16:58:15,301 [Worker-1: Launching SpringMVC] INFO  o.eclipse.m2e.core.internal.Bundles - 	Entry: C:\Program Files\Spring Tool Suite\sts-4.27.0.RELEASE\plugins\org.eclipse.m2e.maven.runtime_3.9.900.20240824-1409
2025-04-23 16:58:15,301 [Worker-1: Launching SpringMVC] INFO  o.eclipse.m2e.core.internal.Bundles - 	Entry: C:\Program Files\Spring Tool Suite\sts-4.27.0.RELEASE\plugins\org.eclipse.m2e.maven.runtime_3.9.900.20240824-1409\jars\aopalliance-1.0.jar
2025-04-23 16:58:15,302 [Worker-1: Launching SpringMVC] INFO  o.eclipse.m2e.core.internal.Bundles - 	Entry: C:\Program Files\Spring Tool Suite\sts-4.27.0.RELEASE\plugins\org.eclipse.m2e.maven.runtime_3.9.900.20240824-1409\jars\guice-5.1.0.jar
2025-04-23 16:58:15,302 [Worker-1: Launching SpringMVC] INFO  o.eclipse.m2e.core.internal.Bundles - 	Entry: C:\Program Files\Spring Tool Suite\sts-4.27.0.RELEASE\plugins\org.eclipse.m2e.maven.runtime_3.9.900.20240824-1409\jars\httpclient-4.5.14.jar
2025-04-23 16:58:15,302 [Worker-1: Launching SpringMVC] INFO  o.eclipse.m2e.core.internal.Bundles - 	Entry: C:\Program Files\Spring Tool Suite\sts-4.27.0.RELEASE\plugins\org.eclipse.m2e.maven.runtime_3.9.900.20240824-1409\jars\httpcore-4.4.16.jar
2025-04-23 16:58:15,302 [Worker-1: Launching SpringMVC] INFO  o.eclipse.m2e.core.internal.Bundles - 	Entry: C:\Program Files\Spring Tool Suite\sts-4.27.0.RELEASE\plugins\org.eclipse.m2e.maven.runtime_3.9.900.20240824-1409\jars\jansi-2.4.1.jar
2025-04-23 16:58:15,302 [Worker-1: Launching SpringMVC] INFO  o.eclipse.m2e.core.internal.Bundles - 	Entry: C:\Program Files\Spring Tool Suite\sts-4.27.0.RELEASE\plugins\org.eclipse.m2e.maven.runtime_3.9.900.20240824-1409\jars\jcl-over-slf4j-1.7.36.jar
2025-04-23 16:58:15,302 [Worker-1: Launching SpringMVC] INFO  o.eclipse.m2e.core.internal.Bundles - 	Entry: C:\Program Files\Spring Tool Suite\sts-4.27.0.RELEASE\plugins\org.eclipse.m2e.maven.runtime_3.9.900.20240824-1409\jars\maven-artifact-3.9.9.jar
2025-04-23 16:58:15,303 [Worker-1: Launching SpringMVC] INFO  o.eclipse.m2e.core.internal.Bundles - 	Entry: C:\Program Files\Spring Tool Suite\sts-4.27.0.RELEASE\plugins\org.eclipse.m2e.maven.runtime_3.9.900.20240824-1409\jars\maven-builder-support-3.9.9.jar
2025-04-23 16:58:15,303 [Worker-1: Launching SpringMVC] INFO  o.eclipse.m2e.core.internal.Bundles - 	Entry: C:\Program Files\Spring Tool Suite\sts-4.27.0.RELEASE\plugins\org.eclipse.m2e.maven.runtime_3.9.900.20240824-1409\jars\maven-compat-3.9.9.jar
2025-04-23 16:58:15,303 [Worker-1: Launching SpringMVC] INFO  o.eclipse.m2e.core.internal.Bundles - 	Entry: C:\Program Files\Spring Tool Suite\sts-4.27.0.RELEASE\plugins\org.eclipse.m2e.maven.runtime_3.9.900.20240824-1409\jars\maven-core-3.9.9.jar
2025-04-23 16:58:15,303 [Worker-1: Launching SpringMVC] INFO  o.eclipse.m2e.core.internal.Bundles - 	Entry: C:\Program Files\Spring Tool Suite\sts-4.27.0.RELEASE\plugins\org.eclipse.m2e.maven.runtime_3.9.900.20240824-1409\jars\maven-embedder-3.9.9.jar
2025-04-23 16:58:15,303 [Worker-1: Launching SpringMVC] INFO  o.eclipse.m2e.core.internal.Bundles - 	Entry: C:\Program Files\Spring Tool Suite\sts-4.27.0.RELEASE\plugins\org.eclipse.m2e.maven.runtime_3.9.900.20240824-1409\jars\maven-model-3.9.9.jar
2025-04-23 16:58:15,304 [Worker-1: Launching SpringMVC] INFO  o.eclipse.m2e.core.internal.Bundles - 	Entry: C:\Program Files\Spring Tool Suite\sts-4.27.0.RELEASE\plugins\org.eclipse.m2e.maven.runtime_3.9.900.20240824-1409\jars\maven-model-builder-3.9.9.jar
2025-04-23 16:58:15,304 [Worker-1: Launching SpringMVC] INFO  o.eclipse.m2e.core.internal.Bundles - 	Entry: C:\Program Files\Spring Tool Suite\sts-4.27.0.RELEASE\plugins\org.eclipse.m2e.maven.runtime_3.9.900.20240824-1409\jars\maven-plugin-api-3.9.9.jar
2025-04-23 16:58:15,304 [Worker-1: Launching SpringMVC] INFO  o.eclipse.m2e.core.internal.Bundles - 	Entry: C:\Program Files\Spring Tool Suite\sts-4.27.0.RELEASE\plugins\org.eclipse.m2e.maven.runtime_3.9.900.20240824-1409\jars\maven-repository-metadata-3.9.9.jar
2025-04-23 16:58:15,304 [Worker-1: Launching SpringMVC] INFO  o.eclipse.m2e.core.internal.Bundles - 	Entry: C:\Program Files\Spring Tool Suite\sts-4.27.0.RELEASE\plugins\org.eclipse.m2e.maven.runtime_3.9.900.20240824-1409\jars\maven-resolver-api-1.9.22.jar
2025-04-23 16:58:15,304 [Worker-1: Launching SpringMVC] INFO  o.eclipse.m2e.core.internal.Bundles - 	Entry: C:\Program Files\Spring Tool Suite\sts-4.27.0.RELEASE\plugins\org.eclipse.m2e.maven.runtime_3.9.900.20240824-1409\jars\maven-resolver-connector-basic-1.9.22.jar
2025-04-23 16:58:15,304 [Worker-1: Launching SpringMVC] INFO  o.eclipse.m2e.core.internal.Bundles - 	Entry: C:\Program Files\Spring Tool Suite\sts-4.27.0.RELEASE\plugins\org.eclipse.m2e.maven.runtime_3.9.900.20240824-1409\jars\maven-resolver-impl-1.9.22.jar
2025-04-23 16:58:15,304 [Worker-1: Launching SpringMVC] INFO  o.eclipse.m2e.core.internal.Bundles - 	Entry: C:\Program Files\Spring Tool Suite\sts-4.27.0.RELEASE\plugins\org.eclipse.m2e.maven.runtime_3.9.900.20240824-1409\jars\maven-resolver-named-locks-1.9.22.jar
2025-04-23 16:58:15,306 [Worker-1: Launching SpringMVC] INFO  o.eclipse.m2e.core.internal.Bundles - 	Entry: C:\Program Files\Spring Tool Suite\sts-4.27.0.RELEASE\plugins\org.eclipse.m2e.maven.runtime_3.9.900.20240824-1409\jars\maven-resolver-provider-3.9.9.jar
2025-04-23 16:58:15,306 [Worker-1: Launching SpringMVC] INFO  o.eclipse.m2e.core.internal.Bundles - 	Entry: C:\Program Files\Spring Tool Suite\sts-4.27.0.RELEASE\plugins\org.eclipse.m2e.maven.runtime_3.9.900.20240824-1409\jars\maven-resolver-spi-1.9.22.jar
2025-04-23 16:58:15,306 [Worker-1: Launching SpringMVC] INFO  o.eclipse.m2e.core.internal.Bundles - 	Entry: C:\Program Files\Spring Tool Suite\sts-4.27.0.RELEASE\plugins\org.eclipse.m2e.maven.runtime_3.9.900.20240824-1409\jars\maven-resolver-transport-file-1.9.22.jar
2025-04-23 16:58:15,306 [Worker-1: Launching SpringMVC] INFO  o.eclipse.m2e.core.internal.Bundles - 	Entry: C:\Program Files\Spring Tool Suite\sts-4.27.0.RELEASE\plugins\org.eclipse.m2e.maven.runtime_3.9.900.20240824-1409\jars\maven-resolver-transport-http-1.9.22.jar
2025-04-23 16:58:15,306 [Worker-1: Launching SpringMVC] INFO  o.eclipse.m2e.core.internal.Bundles - 	Entry: C:\Program Files\Spring Tool Suite\sts-4.27.0.RELEASE\plugins\org.eclipse.m2e.maven.runtime_3.9.900.20240824-1409\jars\maven-resolver-transport-wagon-1.9.22.jar
2025-04-23 16:58:15,307 [Worker-1: Launching SpringMVC] INFO  o.eclipse.m2e.core.internal.Bundles - 	Entry: C:\Program Files\Spring Tool Suite\sts-4.27.0.RELEASE\plugins\org.eclipse.m2e.maven.runtime_3.9.900.20240824-1409\jars\maven-resolver-util-1.9.22.jar
2025-04-23 16:58:15,307 [Worker-1: Launching SpringMVC] INFO  o.eclipse.m2e.core.internal.Bundles - 	Entry: C:\Program Files\Spring Tool Suite\sts-4.27.0.RELEASE\plugins\org.eclipse.m2e.maven.runtime_3.9.900.20240824-1409\jars\maven-settings-3.9.9.jar
2025-04-23 16:58:15,307 [Worker-1: Launching SpringMVC] INFO  o.eclipse.m2e.core.internal.Bundles - 	Entry: C:\Program Files\Spring Tool Suite\sts-4.27.0.RELEASE\plugins\org.eclipse.m2e.maven.runtime_3.9.900.20240824-1409\jars\maven-settings-builder-3.9.9.jar
2025-04-23 16:58:15,307 [Worker-1: Launching SpringMVC] INFO  o.eclipse.m2e.core.internal.Bundles - 	Entry: C:\Program Files\Spring Tool Suite\sts-4.27.0.RELEASE\plugins\org.eclipse.m2e.maven.runtime_3.9.900.20240824-1409\jars\maven-shared-utils-3.4.2.jar
2025-04-23 16:58:15,308 [Worker-1: Launching SpringMVC] INFO  o.eclipse.m2e.core.internal.Bundles - 	Entry: C:\Program Files\Spring Tool Suite\sts-4.27.0.RELEASE\plugins\org.eclipse.m2e.maven.runtime_3.9.900.20240824-1409\jars\org.eclipse.sisu.inject-0.9.0.M3.jar
2025-04-23 16:58:15,308 [Worker-1: Launching SpringMVC] INFO  o.eclipse.m2e.core.internal.Bundles - 	Entry: C:\Program Files\Spring Tool Suite\sts-4.27.0.RELEASE\plugins\org.eclipse.m2e.maven.runtime_3.9.900.20240824-1409\jars\org.eclipse.sisu.plexus-0.9.0.M3.jar
2025-04-23 16:58:15,308 [Worker-1: Launching SpringMVC] INFO  o.eclipse.m2e.core.internal.Bundles - 	Entry: C:\Program Files\Spring Tool Suite\sts-4.27.0.RELEASE\plugins\org.eclipse.m2e.maven.runtime_3.9.900.20240824-1409\jars\plexus-build-api-0.0.7.jar
2025-04-23 16:58:15,309 [Worker-1: Launching SpringMVC] INFO  o.eclipse.m2e.core.internal.Bundles - 	Entry: C:\Program Files\Spring Tool Suite\sts-4.27.0.RELEASE\plugins\org.eclipse.m2e.maven.runtime_3.9.900.20240824-1409\jars\plexus-build-api-1.2.0.jar
2025-04-23 16:58:15,309 [Worker-1: Launching SpringMVC] INFO  o.eclipse.m2e.core.internal.Bundles - 	Entry: C:\Program Files\Spring Tool Suite\sts-4.27.0.RELEASE\plugins\org.eclipse.m2e.maven.runtime_3.9.900.20240824-1409\jars\plexus-cipher-2.0.jar
2025-04-23 16:58:15,309 [Worker-1: Launching SpringMVC] INFO  o.eclipse.m2e.core.internal.Bundles - 	Entry: C:\Program Files\Spring Tool Suite\sts-4.27.0.RELEASE\plugins\org.eclipse.m2e.maven.runtime_3.9.900.20240824-1409\jars\plexus-classworlds-2.8.0.jar
2025-04-23 16:58:15,309 [Worker-1: Launching SpringMVC] INFO  o.eclipse.m2e.core.internal.Bundles - 	Entry: C:\Program Files\Spring Tool Suite\sts-4.27.0.RELEASE\plugins\org.eclipse.m2e.maven.runtime_3.9.900.20240824-1409\jars\plexus-component-annotations-2.1.0.jar
2025-04-23 16:58:15,309 [Worker-1: Launching SpringMVC] INFO  o.eclipse.m2e.core.internal.Bundles - 	Entry: C:\Program Files\Spring Tool Suite\sts-4.27.0.RELEASE\plugins\org.eclipse.m2e.maven.runtime_3.9.900.20240824-1409\jars\plexus-interpolation-1.27.jar
2025-04-23 16:58:15,310 [Worker-1: Launching SpringMVC] INFO  o.eclipse.m2e.core.internal.Bundles - 	Entry: C:\Program Files\Spring Tool Suite\sts-4.27.0.RELEASE\plugins\org.eclipse.m2e.maven.runtime_3.9.900.20240824-1409\jars\plexus-sec-dispatcher-2.0.jar
2025-04-23 16:58:15,310 [Worker-1: Launching SpringMVC] INFO  o.eclipse.m2e.core.internal.Bundles - 	Entry: C:\Program Files\Spring Tool Suite\sts-4.27.0.RELEASE\plugins\org.eclipse.m2e.maven.runtime_3.9.900.20240824-1409\jars\plexus-utils-3.5.1.jar
2025-04-23 16:58:15,310 [Worker-1: Launching SpringMVC] INFO  o.eclipse.m2e.core.internal.Bundles - 	Entry: C:\Program Files\Spring Tool Suite\sts-4.27.0.RELEASE\plugins\org.eclipse.m2e.maven.runtime_3.9.900.20240824-1409\jars\plexus-xml-3.0.1.jar
2025-04-23 16:58:15,310 [Worker-1: Launching SpringMVC] INFO  o.eclipse.m2e.core.internal.Bundles - 	Entry: C:\Program Files\Spring Tool Suite\sts-4.27.0.RELEASE\plugins\org.eclipse.m2e.maven.runtime_3.9.900.20240824-1409\jars\wagon-file-3.5.3.jar
2025-04-23 16:58:15,310 [Worker-1: Launching SpringMVC] INFO  o.eclipse.m2e.core.internal.Bundles - 	Entry: C:\Program Files\Spring Tool Suite\sts-4.27.0.RELEASE\plugins\org.eclipse.m2e.maven.runtime_3.9.900.20240824-1409\jars\wagon-http-3.5.3.jar
2025-04-23 16:58:15,310 [Worker-1: Launching SpringMVC] INFO  o.eclipse.m2e.core.internal.Bundles - 	Entry: C:\Program Files\Spring Tool Suite\sts-4.27.0.RELEASE\plugins\org.eclipse.m2e.maven.runtime_3.9.900.20240824-1409\jars\wagon-http-shared-3.5.3.jar
2025-04-23 16:58:15,311 [Worker-1: Launching SpringMVC] INFO  o.eclipse.m2e.core.internal.Bundles - 	Entry: C:\Program Files\Spring Tool Suite\sts-4.27.0.RELEASE\plugins\org.eclipse.m2e.maven.runtime_3.9.900.20240824-1409\jars\wagon-provider-api-3.5.3.jar
2025-04-23 16:58:15,311 [Worker-1: Launching SpringMVC] INFO  o.eclipse.m2e.core.internal.Bundles - getClasspathEntries(Bundle=com.google.guava_33.3.1.jre [29])
2025-04-23 16:58:15,312 [Worker-1: Launching SpringMVC] INFO  o.eclipse.m2e.core.internal.Bundles - 	Entry: C:\Program Files\Spring Tool Suite\sts-4.27.0.RELEASE\plugins\com.google.guava_33.3.1.jre.jar
2025-04-23 16:58:15,313 [Worker-1: Launching SpringMVC] INFO  o.eclipse.m2e.core.internal.Bundles - getClasspathEntries(Bundle=slf4j.api_2.0.16 [615])
2025-04-23 16:58:15,314 [Worker-1: Launching SpringMVC] INFO  o.eclipse.m2e.core.internal.Bundles - 	Entry: C:\Program Files\Spring Tool Suite\sts-4.27.0.RELEASE\plugins\slf4j.api_2.0.16.jar
2025-04-23 16:58:15,314 [Worker-1: Launching SpringMVC] INFO  o.eclipse.m2e.core.internal.Bundles - getClasspathEntries(Bundle=jakarta.inject.jakarta.inject-api_1.0.5 [45])
2025-04-23 16:58:15,315 [Worker-1: Launching SpringMVC] INFO  o.eclipse.m2e.core.internal.Bundles - 	Entry: C:\Program Files\Spring Tool Suite\sts-4.27.0.RELEASE\plugins\jakarta.inject.jakarta.inject-api_1.0.5.jar
2025-04-23 16:58:15,315 [Worker-1: Launching SpringMVC] INFO  o.eclipse.m2e.core.internal.Bundles - getClasspathEntries(Bundle=jakarta.annotation-api_1.3.5 [41])
2025-04-23 16:58:15,315 [Worker-1: Launching SpringMVC] INFO  o.eclipse.m2e.core.internal.Bundles - 	Entry: C:\Program Files\Spring Tool Suite\sts-4.27.0.RELEASE\plugins\jakarta.annotation-api_1.3.5.jar
2025-04-23 16:58:15,315 [Worker-1: Launching SpringMVC] INFO  o.eclipse.m2e.core.internal.Bundles - getClasspathEntries(Bundle=org.apache.commons.cli_1.9.0 [78])
2025-04-23 16:58:15,316 [Worker-1: Launching SpringMVC] INFO  o.eclipse.m2e.core.internal.Bundles - 	Entry: C:\Program Files\Spring Tool Suite\sts-4.27.0.RELEASE\plugins\org.apache.commons.cli_1.9.0.jar
2025-04-23 16:58:15,316 [Worker-1: Launching SpringMVC] INFO  o.eclipse.m2e.core.internal.Bundles - getClasspathEntries(Bundle=org.apache.commons.commons-codec_1.16.0 [81])
2025-04-23 16:58:15,316 [Worker-1: Launching SpringMVC] INFO  o.eclipse.m2e.core.internal.Bundles - 	Entry: C:\Program Files\Spring Tool Suite\sts-4.27.0.RELEASE\plugins\org.apache.commons.commons-codec_1.16.0.jar
2025-04-23 16:58:15,317 [Worker-1: Launching SpringMVC] INFO  o.eclipse.m2e.core.internal.Bundles - getClasspathEntries(Bundle=com.google.guava.failureaccess_1.0.2 [30])
2025-04-23 16:58:15,317 [Worker-1: Launching SpringMVC] INFO  o.eclipse.m2e.core.internal.Bundles - 	Entry: C:\Program Files\Spring Tool Suite\sts-4.27.0.RELEASE\plugins\com.google.guava.failureaccess_1.0.2.jar
2025-04-23 16:58:15,318 [Worker-1: Launching SpringMVC] INFO  o.e.m.i.launch.MavenLaunchDelegate - Run build in "D:\5i9\Spring\SpringMVC":
2025-04-23 16:58:15,319 [Worker-1: Launching SpringMVC] INFO  o.e.m.i.launch.MavenLaunchDelegate -  mvn  -B -Dstyle.color=always 
